<?xml version="1.0" encoding="UTF-8"?>
<!-- Generated by org.testng.reporters.JUnitReportReporter -->
<testsuite hostname="LTIN185426" failures="0" tests="19" name="testCases.TC_0004_GiftCards" time="8.137" errors="0" timestamp="2024-02-23T11:05:10 IST" skipped="0">
  <testcase classname="testCases.TC_0004_GiftCards" name="loadTheJSONFile" time="0.040"/>
  <system-out/>
  <testcase classname="testCases.TC_0004_GiftCards" name="scrollDownToGiftsOptions" time="0.038"/>
  <system-out/>
  <testcase classname="testCases.TC_0004_GiftCards" name="selectBirthdayOrAnniversary" time="0.114"/>
  <system-out/>
  <testcase classname="testCases.TC_0004_GiftCards" name="enteringPriceAmount" time="0.120"/>
  <system-out/>
  <testcase classname="testCases.TC_0004_GiftCards" name="clickOnNextbtn" time="0.089"/>
  <system-out/>
  <testcase classname="testCases.TC_0004_GiftCards" name="enterNameofRecipient" time="0.153"/>
  <system-out/>
  <testcase classname="testCases.TC_0004_GiftCards" name="enterEmailofRecipient" time="0.124"/>
  <system-out/>
  <testcase classname="testCases.TC_0004_GiftCards" name="enterMobileofRecipient" time="0.104"/>
  <system-out/>
  <testcase classname="testCases.TC_0004_GiftCards" name="enterNameofCustomer" time="0.110"/>
  <system-out/>
  <testcase classname="testCases.TC_0004_GiftCards" name="enterEmailofCustomer" time="0.135"/>
  <system-out/>
  <testcase classname="testCases.TC_0004_GiftCards" name="enterMobileNumberofCustomer" time="0.111"/>
  <system-out/>
  <testcase classname="testCases.TC_0004_GiftCards" name="enterAddressofCustomer" time="0.113"/>
  <system-out/>
  <testcase classname="testCases.TC_0004_GiftCards" name="enterPinofCustomerPin" time="0.133"/>
  <system-out/>
  <testcase classname="testCases.TC_0004_GiftCards" name="enterMessageIfAny" time="0.122"/>
  <system-out/>
  <testcase classname="testCases.TC_0004_GiftCards" name="clickOnConfirmbtn" time="3.158"/>
  <system-out/>
  <testcase classname="testCases.TC_0004_GiftCards" name="getErrorMessage" time="0.021"/>
  <system-out/>
  <testcase classname="testCases.TC_0004_GiftCards" name="clearrecipientmail" time="0.214"/>
  <system-out/>
  <testcase classname="testCases.TC_0004_GiftCards" name="enterCorrectDeatils" time="0.124"/>
  <system-out/>
  <testcase classname="testCases.TC_0004_GiftCards" name="clickConfirmWithcorrectEmail" time="3.114"/>
  <system-out/>
</testsuite> <!-- testCases.TC_0004_GiftCards -->
