<?xml version="1.0" encoding="UTF-8"?>
<!-- Generated by org.testng.reporters.JUnitReportReporter -->
<testsuite hostname="LTIN185426" failures="0" tests="12" name="testCases.TC_0002_BookshelvesDetails" time="44.375" errors="0" timestamp="2024-02-23T11:27:42 IST" skipped="0">
  <testcase classname="testCases.TC_0002_BookshelvesDetails" name="closePopUp" time="2.413"/>
  <system-out/>
  <testcase classname="testCases.TC_0002_BookshelvesDetails" name="scrollDown" time="0.053"/>
  <system-out/>
  <testcase classname="testCases.TC_0002_BookshelvesDetails" name="hoverCategory" time="0.172"/>
  <system-out/>
  <testcase classname="testCases.TC_0002_BookshelvesDetails" name="bookshelveCategory" time="0.130"/>
  <system-out/>
  <testcase classname="testCases.TC_0002_BookshelvesDetails" name="hoverToPrice" time="0.164"/>
  <system-out/>
  <testcase classname="testCases.TC_0002_BookshelvesDetails" name="waitPriceSlider" time="0.580"/>
  <system-out/>
  <testcase classname="testCases.TC_0002_BookshelvesDetails" name="slidePriceamount" time="8.712"/>
  <system-out/>
  <testcase classname="testCases.TC_0002_BookshelvesDetails" name="hoverSortBy" time="0.166"/>
  <system-out/>
  <testcase classname="testCases.TC_0002_BookshelvesDetails" name="sortAccToPrice" time="0.100"/>
  <system-out/>
  <testcase classname="testCases.TC_0002_BookshelvesDetails" name="inStock" time="0.113"/>
  <system-out/>
  <testcase classname="testCases.TC_0002_BookshelvesDetails" name="collectingBookShelvesList" time="31.771"/>
  <system-out/>
  <testcase classname="testCases.TC_0002_BookshelvesDetails" name="displayingBookShelves" time="0.001"/>
  <system-out/>
</testsuite> <!-- testCases.TC_0002_BookshelvesDetails -->
