<?xml version="1.0" encoding="UTF-8"?>
<!-- Generated by org.testng.reporters.JUnitReportReporter -->
<testsuite hostname="LTIN185426" failures="0" tests="12" name="testCases.TC_0002_BookshelvesDetails" time="59.540" errors="0" timestamp="2024-02-23T11:05:10 IST" skipped="0">
  <testcase classname="testCases.TC_0002_BookshelvesDetails" name="closePopUp" time="2.737"/>
  <system-out/>
  <testcase classname="testCases.TC_0002_BookshelvesDetails" name="scrollDown" time="0.189"/>
  <system-out/>
  <testcase classname="testCases.TC_0002_BookshelvesDetails" name="hoverCategory" time="0.271"/>
  <system-out/>
  <testcase classname="testCases.TC_0002_BookshelvesDetails" name="bookshelveCategory" time="0.965"/>
  <system-out/>
  <testcase classname="testCases.TC_0002_BookshelvesDetails" name="hoverToPrice" time="0.834"/>
  <system-out/>
  <testcase classname="testCases.TC_0002_BookshelvesDetails" name="waitPriceSlider" time="0.117"/>
  <system-out/>
  <testcase classname="testCases.TC_0002_BookshelvesDetails" name="slidePriceamount" time="8.727"/>
  <system-out/>
  <testcase classname="testCases.TC_0002_BookshelvesDetails" name="hoverSortBy" time="0.193"/>
  <system-out/>
  <testcase classname="testCases.TC_0002_BookshelvesDetails" name="sortAccToPrice" time="0.151"/>
  <system-out/>
  <testcase classname="testCases.TC_0002_BookshelvesDetails" name="inStock" time="0.168"/>
  <system-out/>
  <testcase classname="testCases.TC_0002_BookshelvesDetails" name="collectingBookShelvesList" time="45.184"/>
  <system-out/>
  <testcase classname="testCases.TC_0002_BookshelvesDetails" name="displayingBookShelves" time="0.004"/>
  <system-out/>
</testsuite> <!-- testCases.TC_0002_BookshelvesDetails -->
