<?xml version="1.0" encoding="UTF-8"?>
<!-- Generated by org.testng.reporters.JUnitReportReporter -->
<testsuite hostname="LTIN185426" failures="0" tests="7" name="testCases.TC_0003_LivingMenuItems" time="31.373" errors="0" timestamp="2024-02-23T11:05:09 IST" skipped="0">
  <testcase classname="testCases.TC_0003_LivingMenuItems" name="scrollPageUp" time="0.107"/>
  <system-out/>
  <testcase classname="testCases.TC_0003_LivingMenuItems" name="hoverToLiving" time="0.182"/>
  <system-out/>
  <testcase classname="testCases.TC_0003_LivingMenuItems" name="waitforSubmenu" time="0.047"/>
  <system-out/>
  <testcase classname="testCases.TC_0003_LivingMenuItems" name="submenuSeatingandChairStoreInExcel" time="5.148"/>
  <system-out/>
  <testcase classname="testCases.TC_0003_LivingMenuItems" name="displaySubMenuSeatingandChair" time="2.005"/>
  <system-out/>
  <testcase classname="testCases.TC_0003_LivingMenuItems" name="scrollPage" time="0.044"/>
  <system-out/>
  <testcase classname="testCases.TC_0003_LivingMenuItems" name="clickGiftCardsButton" time="23.840"/>
  <system-out/>
</testsuite> <!-- testCases.TC_0003_LivingMenuItems -->
