<?xml version="1.0" encoding="UTF-8"?>
<!-- Generated by org.testng.reporters.JUnitReportReporter -->
<testsuite hostname="LTIN185426" failures="0" tests="2" name="testCases.TC_0001_SearchBookshelve" time="16.609" errors="0" timestamp="2024-02-23T11:05:10 IST" skipped="0">
  <testcase classname="testCases.TC_0001_SearchBookshelve" name="sendInSearch" time="14.292"/>
  <system-out/>
  <testcase classname="testCases.TC_0001_SearchBookshelve" name="clicksearch" time="2.317"/>
  <system-out/>
</testsuite> <!-- testCases.TC_0001_SearchBookshelve -->
