<?xml version="1.0" encoding="UTF-8"?>
<!-- Generated by org.testng.reporters.JUnitReportReporter -->
<testsuite hostname="LTIN185426" failures="0" tests="19" name="testCases.TC_0004_GiftCards" time="7.943" errors="0" timestamp="2024-02-23T11:27:42 IST" skipped="0">
  <testcase classname="testCases.TC_0004_GiftCards" name="loadTheJSONFile" time="0.015"/>
  <system-out/>
  <testcase classname="testCases.TC_0004_GiftCards" name="scrollDownToGiftsOptions" time="0.038"/>
  <system-out/>
  <testcase classname="testCases.TC_0004_GiftCards" name="selectBirthdayOrAnniversary" time="0.133"/>
  <system-out/>
  <testcase classname="testCases.TC_0004_GiftCards" name="enteringPriceAmount" time="0.129"/>
  <system-out/>
  <testcase classname="testCases.TC_0004_GiftCards" name="clickOnNextbtn" time="0.077"/>
  <system-out/>
  <testcase classname="testCases.TC_0004_GiftCards" name="enterNameofRecipient" time="0.138"/>
  <system-out/>
  <testcase classname="testCases.TC_0004_GiftCards" name="enterEmailofRecipient" time="0.138"/>
  <system-out/>
  <testcase classname="testCases.TC_0004_GiftCards" name="enterMobileofRecipient" time="0.096"/>
  <system-out/>
  <testcase classname="testCases.TC_0004_GiftCards" name="enterNameofCustomer" time="0.087"/>
  <system-out/>
  <testcase classname="testCases.TC_0004_GiftCards" name="enterEmailofCustomer" time="0.103"/>
  <system-out/>
  <testcase classname="testCases.TC_0004_GiftCards" name="enterMobileNumberofCustomer" time="0.100"/>
  <system-out/>
  <testcase classname="testCases.TC_0004_GiftCards" name="enterAddressofCustomer" time="0.097"/>
  <system-out/>
  <testcase classname="testCases.TC_0004_GiftCards" name="enterPinofCustomerPin" time="0.095"/>
  <system-out/>
  <testcase classname="testCases.TC_0004_GiftCards" name="enterMessageIfAny" time="0.128"/>
  <system-out/>
  <testcase classname="testCases.TC_0004_GiftCards" name="clickOnConfirmbtn" time="3.101"/>
  <system-out/>
  <testcase classname="testCases.TC_0004_GiftCards" name="getErrorMessage" time="0.021"/>
  <system-out/>
  <testcase classname="testCases.TC_0004_GiftCards" name="clearrecipientmail" time="0.160"/>
  <system-out/>
  <testcase classname="testCases.TC_0004_GiftCards" name="enterCorrectDeatils" time="0.146"/>
  <system-out/>
  <testcase classname="testCases.TC_0004_GiftCards" name="clickConfirmWithcorrectEmail" time="3.141"/>
  <system-out/>
</testsuite> <!-- testCases.TC_0004_GiftCards -->
