<?xml version="1.0" encoding="UTF-8"?>
<!-- Generated by org.testng.reporters.JUnitReportReporter -->
<testsuite hostname="LTIN185426" failures="0" tests="10" name="testCases.TC_005_ConfirmingFormDeatils" time="0.591" errors="0" timestamp="2024-02-23T11:27:42 IST" skipped="0">
  <testcase classname="testCases.TC_005_ConfirmingFormDeatils" name="confirmDetails" time="0.066"/>
  <system-out/>
  <testcase classname="testCases.TC_005_ConfirmingFormDeatils" name="confirmamountEnetered" time="0.045"/>
  <system-out/>
  <testcase classname="testCases.TC_005_ConfirmingFormDeatils" name="confirmrecipientName" time="0.067"/>
  <system-out/>
  <testcase classname="testCases.TC_005_ConfirmingFormDeatils" name="confirmrecipientEmail" time="0.063"/>
  <system-out/>
  <testcase classname="testCases.TC_005_ConfirmingFormDeatils" name="confirmrecipientMobile" time="0.069"/>
  <system-out/>
  <testcase classname="testCases.TC_005_ConfirmingFormDeatils" name="confirmcustomerName" time="0.059"/>
  <system-out/>
  <testcase classname="testCases.TC_005_ConfirmingFormDeatils" name="confirmcustomerEmail" time="0.057"/>
  <system-out/>
  <testcase classname="testCases.TC_005_ConfirmingFormDeatils" name="confirmcustomerMobile" time="0.062"/>
  <system-out/>
  <testcase classname="testCases.TC_005_ConfirmingFormDeatils" name="confirmcustomerCity" time="0.061"/>
  <system-out/>
  <testcase classname="testCases.TC_005_ConfirmingFormDeatils" name="confirmcustomerPinCode" time="0.042"/>
  <system-out/>
</testsuite> <!-- testCases.TC_005_ConfirmingFormDeatils -->
