<?xml version="1.0" encoding="UTF-8"?>
<!-- Generated by org.testng.reporters.JUnitReportReporter -->
<testsuite hostname="LTIN185426" failures="0" tests="7" name="testCases.TC_0003_LivingMenuItems" time="29.905" errors="0" timestamp="2024-02-23T11:27:42 IST" skipped="0">
  <testcase classname="testCases.TC_0003_LivingMenuItems" name="scrollPageUp" time="0.052"/>
  <system-out/>
  <testcase classname="testCases.TC_0003_LivingMenuItems" name="hoverToLiving" time="0.162"/>
  <system-out/>
  <testcase classname="testCases.TC_0003_LivingMenuItems" name="waitforSubmenu" time="0.036"/>
  <system-out/>
  <testcase classname="testCases.TC_0003_LivingMenuItems" name="submenuSeatingandChairStoreInExcel" time="3.703"/>
  <system-out/>
  <testcase classname="testCases.TC_0003_LivingMenuItems" name="displaySubMenuSeatingandChair" time="1.848"/>
  <system-out/>
  <testcase classname="testCases.TC_0003_LivingMenuItems" name="scrollPage" time="0.038"/>
  <system-out/>
  <testcase classname="testCases.TC_0003_LivingMenuItems" name="clickGiftCardsButton" time="24.066"/>
  <system-out/>
</testsuite> <!-- testCases.TC_0003_LivingMenuItems -->
