<?xml version="1.0" encoding="UTF-8"?>
<!-- Generated by org.testng.reporters.JUnitReportReporter -->
<testsuite hostname="LTIN185426" failures="0" tests="2" name="testCases.TC_0001_SearchBookshelve" time="4.484" errors="0" timestamp="2024-02-20T21:48:37 IST" skipped="0">
  <testcase classname="testCases.TC_0001_SearchBookshelve" name="sendInSearch" time="2.313"/>
  <system-out/>
  <testcase classname="testCases.TC_0001_SearchBookshelve" name="clicksearch" time="2.171"/>
  <system-out/>
</testsuite> <!-- testCases.TC_0001_SearchBookshelve -->
